INFO:sim:172 - Generating IP...
WARNING:sim - VHDL simulation file type 'Behavioral' is not valid for this core.
   Overriding with simulation file type 'Structural'.
Resolving generics for 'FFT_mod'...
WARNING:sim - VHDL simulation file type 'Behavioral' is not valid for this core.
   Overriding with simulation file type 'Structural'.
Applying external generics to 'FFT_mod'...
Delivering associated files for 'FFT_mod'...
Generating implementation netlist for 'FFT_mod'...
INFO:sim - Pre-processing HDL files for 'FFT_mod'...
Running synthesis for 'FFT_mod'
Running ngcbuild...
Writing VHO instantiation template for 'FFT_mod'...
WARNING:sim - VHDL simulation file type 'Behavioral' is not valid for this core.
   Overriding with simulation file type 'Structural'.
Writing VHDL structural simulation model for 'FFT_mod'...
WARNING:sim - VHDL simulation file type 'Behavioral' is not valid for this core.
   Overriding with simulation file type 'Structural'.
Delivered 3 files into directory
/home/fsl/MSE/PdS3/ofdm/ipcore_dir/tmp/_cg/FFT_mod
Generating ASY schematic symbol...
INFO:sim:949 - Finished generation of ASY schematic symbol.
Generating SYM schematic symbol for 'FFT_mod'...
Generating metadata file...
Generating ISE project...
XCO file found: FFT_mod.xco
XMDF file found: FFT_mod_xmdf.tcl
Adding /home/fsl/MSE/PdS3/ofdm/ipcore_dir/tmp/_cg/FFT_mod.asy -view all
-origin_type imported
Adding /home/fsl/MSE/PdS3/ofdm/ipcore_dir/tmp/_cg/FFT_mod.ngc -view all
-origin_type created
Checking file "/home/fsl/MSE/PdS3/ofdm/ipcore_dir/tmp/_cg/FFT_mod.ngc" for
project device match ...
File "/home/fsl/MSE/PdS3/ofdm/ipcore_dir/tmp/_cg/FFT_mod.ngc" device information
matches project device.
Adding /home/fsl/MSE/PdS3/ofdm/ipcore_dir/tmp/_cg/FFT_mod.sym -view all
-origin_type imported
Adding /home/fsl/MSE/PdS3/ofdm/ipcore_dir/tmp/_cg/FFT_mod.vhd -view all
-origin_type created
INFO:HDLCompiler:1061 - Parsing VHDL file
   "/home/fsl/MSE/PdS3/ofdm/ipcore_dir/tmp/_cg/FFT_mod.vhd" into library work
INFO:ProjectMgmt - Parsing design hierarchy completed successfully.
Adding /home/fsl/MSE/PdS3/ofdm/ipcore_dir/tmp/_cg/FFT_mod.vho -view all
-origin_type imported
INFO:TclTasksC:2116 - The automatic calculation of top has been turned-off.
   Please set the new top explicitly by running the "project set top" command.
   To re-calculate the new top automatically, set the "Auto Implementation Top"
   property to true.
Top level has been set to "/FFT_mod"
Generating README file...
Generating FLIST file...
INFO:sim:948 - Finished FLIST file generation.
Launching README viewer...
Moving files to output directory...
Finished moving files to output directory
Wrote CGP file for project 'FFT_mod'.
