SET_ERROR_CODE 1
SET_ERROR_MSG XST log file /home/pablo/work/sdc/tp_final/ofdm/ipcore_dir/./tmp/_cg/_bbx/viterbi_decoder_viterbi_v7_0_xst_1_xst.log cannot be accessed.
SET_ERROR_TEXT java default status text
SET_PARAMETER block_valid false
SET_PARAMETER architecture Parallel
SET_PARAMETER trellis_initialization None
SET_PARAMETER convolution1_code6 0
SET_PARAMETER constraint_length 7
SET_PARAMETER norm_thresh 250
SET_PARAMETER convolution0_code6 0
SET_PARAMETER convolution1_code5 0
SET_PARAMETER best_state_width 3
SET_PARAMETER convolution0_code5 0
SET_PARAMETER convolution1_code4 0
SET_PARAMETER convolution0_code4 0
SET_PARAMETER convolution1_code3 0
SET_PARAMETER convolution0_code3 0
SET_PARAMETER convolution1_code2 0
SET_PARAMETER convolution1_code1 1011011
SET_PARAMETER convolution0_code2 0
SET_PARAMETER convolution0_code1 1011011
SET_PARAMETER convolution1_code0 1111001
SET_PARAMETER convolution0_code0 1111001
SET_PARAMETER ber_thresh 600
SET_PARAMETER puncturing None
SET_PARAMETER soft_width 1
SET_PARAMETER synchronous_clear true
SET_PARAMETER reduced_latency true
SET_PARAMETER direct_traceback None
SET_PARAMETER coding Hard_Coding
SET_PARAMETER ce true
SET_PARAMETER data_format Signed_Magnitude
SET_PARAMETER ber_symbol_count false
SET_PARAMETER best_state true
SET_PARAMETER maximum_direct 12
SET_PARAMETER convolution_code_0_radix Binary
SET_PARAMETER synchronization false
SET_PARAMETER convolution_code_1_radix Binary
SET_PARAMETER dynamic_thresholds false
SET_PARAMETER traceback_length 12
SET_PARAMETER number_of_ber_symbols 300
SET_PARAMETER rdy true
SET_PARAMETER component_name viterbi_decoder
SET_PARAMETER output_rate1 2
SET_PARAMETER viterbi_type Standard
SET_PARAMETER output_rate0 2
SET_PARAMETER norm false
SET_PARAMETER channels 1
